C:\USERS\ERIC\DOCUMENTS\SKYDRIVE\DOCUMENTS\SCHOOL\!FAMU\2013\FALL\COP3530\VS PROJECTS\DRINK_MACHINE\DEBUG\DRINK_MACHINE.EXE
C:\USERS\ERIC\DOCUMENTS\SKYDRIVE\DOCUMENTS\SCHOOL\!FAMU\2013\FALL\COP3530\VS PROJECTS\DRINK_MACHINE\DEBUG\DRINK_MACHINE.ILK
C:\USERS\ERIC\DOCUMENTS\SKYDRIVE\DOCUMENTS\SCHOOL\!FAMU\2013\FALL\COP3530\VS PROJECTS\DRINK_MACHINE\DEBUG\DRINK_MACHINE.PDB
C:\Users\Eric\Documents\SkyDrive\Documents\School\!FAMU\2013\Fall\COP3530\VS Projects\drink_machine\drink_machine\Debug\cl.command.1.tlog
C:\Users\Eric\Documents\SkyDrive\Documents\School\!FAMU\2013\Fall\COP3530\VS Projects\drink_machine\drink_machine\Debug\CL.read.1.tlog
C:\Users\Eric\Documents\SkyDrive\Documents\School\!FAMU\2013\Fall\COP3530\VS Projects\drink_machine\drink_machine\Debug\CL.write.1.tlog
C:\USERS\ERIC\DOCUMENTS\SKYDRIVE\DOCUMENTS\SCHOOL\!FAMU\2013\FALL\COP3530\VS PROJECTS\DRINK_MACHINE\DRINK_MACHINE\DEBUG\DRINK_MACHINE.EXE.EMBED.MANIFEST
C:\USERS\ERIC\DOCUMENTS\SKYDRIVE\DOCUMENTS\SCHOOL\!FAMU\2013\FALL\COP3530\VS PROJECTS\DRINK_MACHINE\DRINK_MACHINE\DEBUG\DRINK_MACHINE.EXE.EMBED.MANIFEST.RES
C:\USERS\ERIC\DOCUMENTS\SKYDRIVE\DOCUMENTS\SCHOOL\!FAMU\2013\FALL\COP3530\VS PROJECTS\DRINK_MACHINE\DRINK_MACHINE\DEBUG\DRINK_MACHINE.EXE.INTERMEDIATE.MANIFEST
C:\Users\Eric\Documents\SkyDrive\Documents\School\!FAMU\2013\Fall\COP3530\VS Projects\drink_machine\drink_machine\Debug\drink_machine_manifest.rc
C:\Users\Eric\Documents\SkyDrive\Documents\School\!FAMU\2013\Fall\COP3530\VS Projects\drink_machine\drink_machine\Debug\link.6412.read.1.tlog
C:\Users\Eric\Documents\SkyDrive\Documents\School\!FAMU\2013\Fall\COP3530\VS Projects\drink_machine\drink_machine\Debug\link.6412.write.1.tlog
C:\Users\Eric\Documents\SkyDrive\Documents\School\!FAMU\2013\Fall\COP3530\VS Projects\drink_machine\drink_machine\Debug\link.6412-cvtres.read.1.tlog
C:\Users\Eric\Documents\SkyDrive\Documents\School\!FAMU\2013\Fall\COP3530\VS Projects\drink_machine\drink_machine\Debug\link.6412-cvtres.write.1.tlog
C:\Users\Eric\Documents\SkyDrive\Documents\School\!FAMU\2013\Fall\COP3530\VS Projects\drink_machine\drink_machine\Debug\link.command.1.tlog
C:\Users\Eric\Documents\SkyDrive\Documents\School\!FAMU\2013\Fall\COP3530\VS Projects\drink_machine\drink_machine\Debug\link.read.1.tlog
C:\Users\Eric\Documents\SkyDrive\Documents\School\!FAMU\2013\Fall\COP3530\VS Projects\drink_machine\drink_machine\Debug\link.write.1.tlog
C:\Users\Eric\Documents\SkyDrive\Documents\School\!FAMU\2013\Fall\COP3530\VS Projects\drink_machine\drink_machine\Debug\link-cvtres.read.1.tlog
C:\Users\Eric\Documents\SkyDrive\Documents\School\!FAMU\2013\Fall\COP3530\VS Projects\drink_machine\drink_machine\Debug\link-cvtres.write.1.tlog
C:\USERS\ERIC\DOCUMENTS\SKYDRIVE\DOCUMENTS\SCHOOL\!FAMU\2013\FALL\COP3530\VS PROJECTS\DRINK_MACHINE\DRINK_MACHINE\DEBUG\MARLOW_MAYBERRY_SOURCE.OBJ
C:\Users\Eric\Documents\SkyDrive\Documents\School\!FAMU\2013\Fall\COP3530\VS Projects\drink_machine\drink_machine\Debug\mt.command.1.tlog
C:\Users\Eric\Documents\SkyDrive\Documents\School\!FAMU\2013\Fall\COP3530\VS Projects\drink_machine\drink_machine\Debug\mt.read.1.tlog
C:\Users\Eric\Documents\SkyDrive\Documents\School\!FAMU\2013\Fall\COP3530\VS Projects\drink_machine\drink_machine\Debug\mt.write.1.tlog
C:\Users\Eric\Documents\SkyDrive\Documents\School\!FAMU\2013\Fall\COP3530\VS Projects\drink_machine\drink_machine\Debug\rc.command.1.tlog
C:\Users\Eric\Documents\SkyDrive\Documents\School\!FAMU\2013\Fall\COP3530\VS Projects\drink_machine\drink_machine\Debug\rc.read.1.tlog
C:\Users\Eric\Documents\SkyDrive\Documents\School\!FAMU\2013\Fall\COP3530\VS Projects\drink_machine\drink_machine\Debug\rc.write.1.tlog
C:\Users\Eric\Documents\SkyDrive\Documents\School\!FAMU\2013\Fall\COP3530\VS Projects\drink_machine\drink_machine\Debug\vc100.idb
C:\USERS\ERIC\DOCUMENTS\SKYDRIVE\DOCUMENTS\SCHOOL\!FAMU\2013\FALL\COP3530\VS PROJECTS\DRINK_MACHINE\DRINK_MACHINE\DEBUG\VC100.PDB
