C:\USERS\ERIC\DOCUMENTS\OWNCLOUD\SCHOOL\!FAMU\2013\FALL\COP3530\VS PROJECTS\HEALTH\HEALTH\HEALTH\DEBUG\MARSHALL_MAYBERRY_HEALTHPROFILE.OBJ
C:\USERS\ERIC\DOCUMENTS\OWNCLOUD\SCHOOL\!FAMU\2013\FALL\COP3530\VS PROJECTS\HEALTH\HEALTH\HEALTH\DEBUG\MARSHALL_MAYBERRY_HEALTHPROFILESOURCE.OBJ
C:\USERS\ERIC\DOCUMENTS\OWNCLOUD\SCHOOL\!FAMU\2013\FALL\COP3530\VS PROJECTS\HEALTH\HEALTH\HEALTH\DEBUG\VC110.PDB
C:\USERS\ERIC\DOCUMENTS\OWNCLOUD\SCHOOL\!FAMU\2013\FALL\COP3530\VS PROJECTS\HEALTH\HEALTH\DEBUG\HEALTH.ILK
C:\USERS\ERIC\DOCUMENTS\OWNCLOUD\SCHOOL\!FAMU\2013\FALL\COP3530\VS PROJECTS\HEALTH\HEALTH\DEBUG\HEALTH.EXE
C:\USERS\ERIC\DOCUMENTS\OWNCLOUD\SCHOOL\!FAMU\2013\FALL\COP3530\VS PROJECTS\HEALTH\HEALTH\DEBUG\HEALTH.PDB
C:\Users\Eric\Documents\ownCloud\School\!FAMU\2013\Fall\COP3530\VS Projects\Health\Health\Health\Debug\Marshall_Mayberry_HealthProfile.obj
C:\Users\Eric\Documents\ownCloud\School\!FAMU\2013\Fall\COP3530\VS Projects\Health\Health\Health\Debug\Marshall_Mayberry_HealthProfileSource.obj
C:\Users\Eric\Documents\ownCloud\School\!FAMU\2013\Fall\COP3530\VS Projects\Health\Health\Health\Debug\cl.command.1.tlog
C:\Users\Eric\Documents\ownCloud\School\!FAMU\2013\Fall\COP3530\VS Projects\Health\Health\Health\Debug\CL.read.1.tlog
C:\Users\Eric\Documents\ownCloud\School\!FAMU\2013\Fall\COP3530\VS Projects\Health\Health\Health\Debug\CL.write.1.tlog
C:\Users\Eric\Documents\ownCloud\School\!FAMU\2013\Fall\COP3530\VS Projects\Health\Health\Health\Debug\link-cvtres.read.1.tlog
C:\Users\Eric\Documents\ownCloud\School\!FAMU\2013\Fall\COP3530\VS Projects\Health\Health\Health\Debug\link-cvtres.write.1.tlog
C:\Users\Eric\Documents\ownCloud\School\!FAMU\2013\Fall\COP3530\VS Projects\Health\Health\Health\Debug\link-rc.read.1.tlog
C:\Users\Eric\Documents\ownCloud\School\!FAMU\2013\Fall\COP3530\VS Projects\Health\Health\Health\Debug\link-rc.write.1.tlog
C:\Users\Eric\Documents\ownCloud\School\!FAMU\2013\Fall\COP3530\VS Projects\Health\Health\Health\Debug\link.command.1.tlog
C:\Users\Eric\Documents\ownCloud\School\!FAMU\2013\Fall\COP3530\VS Projects\Health\Health\Health\Debug\link.read.1.tlog
C:\Users\Eric\Documents\ownCloud\School\!FAMU\2013\Fall\COP3530\VS Projects\Health\Health\Health\Debug\link.write.1.tlog
C:\Users\Eric\Documents\ownCloud\School\!FAMU\2013\Fall\COP3530\VS Projects\Health\Health\Health\Debug\vc110.idb
C:\Users\Eric\Documents\ownCloud\School\!FAMU\2013\Fall\COP3530\VS Projects\Health\Health\Health\Debug\vc110.pdb
C:\Users\Eric\Documents\ownCloud\School\!FAMU\2013\Fall\COP3530\VS Projects\Health\Health\Debug\Health.pdb
C:\Users\Eric\Documents\ownCloud\School\!FAMU\2013\Fall\COP3530\VS Projects\Health\Health\Debug\Health.exe
C:\Users\Eric\Documents\ownCloud\School\!FAMU\2013\Fall\COP3530\VS Projects\Health\Health\Debug\Health.ilk
