C:\USERS\ERIC\DOCUMENTS\MAGIC BRIEFCASE\SCHOOL\!FAMU\2013\FALL\COP3530\VS PROJECTS\LICENSE01\LICENSE01\DEBUG\LICENSE.OBJ
C:\USERS\ERIC\DOCUMENTS\MAGIC BRIEFCASE\SCHOOL\!FAMU\2013\FALL\COP3530\VS PROJECTS\LICENSE01\LICENSE01\DEBUG\SOURCE.OBJ
C:\USERS\ERIC\DOCUMENTS\MAGIC BRIEFCASE\SCHOOL\!FAMU\2013\FALL\COP3530\VS PROJECTS\LICENSE01\LICENSE01\DEBUG\VC110.PDB
C:\USERS\ERIC\DOCUMENTS\MAGIC BRIEFCASE\SCHOOL\!FAMU\2013\FALL\COP3530\VS PROJECTS\LICENSE01\DEBUG\LICENSE01.ILK
C:\USERS\ERIC\DOCUMENTS\MAGIC BRIEFCASE\SCHOOL\!FAMU\2013\FALL\COP3530\VS PROJECTS\LICENSE01\DEBUG\LICENSE01.EXE
C:\USERS\ERIC\DOCUMENTS\MAGIC BRIEFCASE\SCHOOL\!FAMU\2013\FALL\COP3530\VS PROJECTS\LICENSE01\DEBUG\LICENSE01.PDB
C:\Users\Eric\Documents\ownCloud\School\!FAMU\2013\Fall\COP3530\VS Projects\License01\License01\Debug\license.obj
C:\Users\Eric\Documents\ownCloud\School\!FAMU\2013\Fall\COP3530\VS Projects\License01\License01\Debug\source.obj
C:\Users\Eric\Documents\ownCloud\School\!FAMU\2013\Fall\COP3530\VS Projects\License01\License01\Debug\cl.command.1.tlog
C:\Users\Eric\Documents\ownCloud\School\!FAMU\2013\Fall\COP3530\VS Projects\License01\License01\Debug\CL.read.1.tlog
C:\Users\Eric\Documents\ownCloud\School\!FAMU\2013\Fall\COP3530\VS Projects\License01\License01\Debug\CL.write.1.tlog
C:\Users\Eric\Documents\ownCloud\School\!FAMU\2013\Fall\COP3530\VS Projects\License01\License01\Debug\link-cvtres.read.1.tlog
C:\Users\Eric\Documents\ownCloud\School\!FAMU\2013\Fall\COP3530\VS Projects\License01\License01\Debug\link-cvtres.write.1.tlog
C:\Users\Eric\Documents\ownCloud\School\!FAMU\2013\Fall\COP3530\VS Projects\License01\License01\Debug\link-rc.read.1.tlog
C:\Users\Eric\Documents\ownCloud\School\!FAMU\2013\Fall\COP3530\VS Projects\License01\License01\Debug\link-rc.write.1.tlog
C:\Users\Eric\Documents\ownCloud\School\!FAMU\2013\Fall\COP3530\VS Projects\License01\License01\Debug\link.command.1.tlog
C:\Users\Eric\Documents\ownCloud\School\!FAMU\2013\Fall\COP3530\VS Projects\License01\License01\Debug\link.read.1.tlog
C:\Users\Eric\Documents\ownCloud\School\!FAMU\2013\Fall\COP3530\VS Projects\License01\License01\Debug\link.write.1.tlog
C:\Users\Eric\Documents\ownCloud\School\!FAMU\2013\Fall\COP3530\VS Projects\License01\License01\Debug\vc110.idb
C:\Users\Eric\Documents\ownCloud\School\!FAMU\2013\Fall\COP3530\VS Projects\License01\License01\Debug\vc110.pdb
C:\Users\Eric\Documents\ownCloud\School\!FAMU\2013\Fall\COP3530\VS Projects\License01\Debug\License01.pdb
C:\Users\Eric\Documents\ownCloud\School\!FAMU\2013\Fall\COP3530\VS Projects\License01\Debug\License01.exe
C:\Users\Eric\Documents\ownCloud\School\!FAMU\2013\Fall\COP3530\VS Projects\License01\Debug\License01.ilk
