C:\USERS\ERIC\DOCUMENTS\OWNCLOUD\SCHOOL\!FAMU\2013\FALL\COP3530\VS PROJECTS\ASSIGNMENT 3\ASSIGNMENT 3\DEBUG\ASSIGNMENT 3.EXE.EMBED.MANIFEST
C:\USERS\ERIC\DOCUMENTS\OWNCLOUD\SCHOOL\!FAMU\2013\FALL\COP3530\VS PROJECTS\ASSIGNMENT 3\ASSIGNMENT 3\DEBUG\ASSIGNMENT 3.EXE.EMBED.MANIFEST.RES
C:\USERS\ERIC\DOCUMENTS\OWNCLOUD\SCHOOL\!FAMU\2013\FALL\COP3530\VS PROJECTS\ASSIGNMENT 3\ASSIGNMENT 3\DEBUG\ASSIGNMENT 3.EXE.INTERMEDIATE.MANIFEST
C:\Users\Eric\Documents\ownCloud\School\!FAMU\2013\Fall\COP3530\VS Projects\Assignment 3\Assignment 3\Debug\Assignment 3_manifest.rc
C:\Users\Eric\Documents\ownCloud\School\!FAMU\2013\Fall\COP3530\VS Projects\Assignment 3\Assignment 3\Debug\cl.command.1.tlog
C:\Users\Eric\Documents\ownCloud\School\!FAMU\2013\Fall\COP3530\VS Projects\Assignment 3\Assignment 3\Debug\CL.read.1.tlog
C:\Users\Eric\Documents\ownCloud\School\!FAMU\2013\Fall\COP3530\VS Projects\Assignment 3\Assignment 3\Debug\CL.write.1.tlog
C:\Users\Eric\Documents\ownCloud\School\!FAMU\2013\Fall\COP3530\VS Projects\Assignment 3\Assignment 3\Debug\link.6856.read.1.tlog
C:\Users\Eric\Documents\ownCloud\School\!FAMU\2013\Fall\COP3530\VS Projects\Assignment 3\Assignment 3\Debug\link.6856.write.1.tlog
C:\Users\Eric\Documents\ownCloud\School\!FAMU\2013\Fall\COP3530\VS Projects\Assignment 3\Assignment 3\Debug\link.6856-cvtres.read.1.tlog
C:\Users\Eric\Documents\ownCloud\School\!FAMU\2013\Fall\COP3530\VS Projects\Assignment 3\Assignment 3\Debug\link.6856-cvtres.write.1.tlog
C:\Users\Eric\Documents\ownCloud\School\!FAMU\2013\Fall\COP3530\VS Projects\Assignment 3\Assignment 3\Debug\link.command.1.tlog
C:\Users\Eric\Documents\ownCloud\School\!FAMU\2013\Fall\COP3530\VS Projects\Assignment 3\Assignment 3\Debug\link.read.1.tlog
C:\Users\Eric\Documents\ownCloud\School\!FAMU\2013\Fall\COP3530\VS Projects\Assignment 3\Assignment 3\Debug\link.write.1.tlog
C:\Users\Eric\Documents\ownCloud\School\!FAMU\2013\Fall\COP3530\VS Projects\Assignment 3\Assignment 3\Debug\link-cvtres.read.1.tlog
C:\Users\Eric\Documents\ownCloud\School\!FAMU\2013\Fall\COP3530\VS Projects\Assignment 3\Assignment 3\Debug\link-cvtres.write.1.tlog
C:\Users\Eric\Documents\ownCloud\School\!FAMU\2013\Fall\COP3530\VS Projects\Assignment 3\Assignment 3\Debug\mt.command.1.tlog
C:\Users\Eric\Documents\ownCloud\School\!FAMU\2013\Fall\COP3530\VS Projects\Assignment 3\Assignment 3\Debug\mt.read.1.tlog
C:\Users\Eric\Documents\ownCloud\School\!FAMU\2013\Fall\COP3530\VS Projects\Assignment 3\Assignment 3\Debug\mt.write.1.tlog
C:\Users\Eric\Documents\ownCloud\School\!FAMU\2013\Fall\COP3530\VS Projects\Assignment 3\Assignment 3\Debug\rc.command.1.tlog
C:\Users\Eric\Documents\ownCloud\School\!FAMU\2013\Fall\COP3530\VS Projects\Assignment 3\Assignment 3\Debug\rc.read.1.tlog
C:\Users\Eric\Documents\ownCloud\School\!FAMU\2013\Fall\COP3530\VS Projects\Assignment 3\Assignment 3\Debug\rc.write.1.tlog
C:\USERS\ERIC\DOCUMENTS\OWNCLOUD\SCHOOL\!FAMU\2013\FALL\COP3530\VS PROJECTS\ASSIGNMENT 3\ASSIGNMENT 3\DEBUG\SOURCE.OBJ
C:\Users\Eric\Documents\ownCloud\School\!FAMU\2013\Fall\COP3530\VS Projects\Assignment 3\Assignment 3\Debug\vc100.idb
C:\USERS\ERIC\DOCUMENTS\OWNCLOUD\SCHOOL\!FAMU\2013\FALL\COP3530\VS PROJECTS\ASSIGNMENT 3\ASSIGNMENT 3\DEBUG\VC100.PDB
C:\USERS\ERIC\DOCUMENTS\OWNCLOUD\SCHOOL\!FAMU\2013\FALL\COP3530\VS PROJECTS\ASSIGNMENT 3\DEBUG\ASSIGNMENT 3.EXE
C:\USERS\ERIC\DOCUMENTS\OWNCLOUD\SCHOOL\!FAMU\2013\FALL\COP3530\VS PROJECTS\ASSIGNMENT 3\DEBUG\ASSIGNMENT 3.ILK
C:\USERS\ERIC\DOCUMENTS\OWNCLOUD\SCHOOL\!FAMU\2013\FALL\COP3530\VS PROJECTS\ASSIGNMENT 3\DEBUG\ASSIGNMENT 3.PDB
