Build started 11/15/2013 10:35:30 PM.
     1>Project "C:\Users\Eric\Documents\SkyDrive\Documents\School\!FAMU\2013\Fall\COP3530\VS Projects\Rectangle_New\Rectangle_New\Rectangle_New.vcxproj" on node 2 (build target(s)).
     1>PrepareForBuild:
         Creating directory "C:\Users\Eric\Documents\SkyDrive\Documents\School\!FAMU\2013\Fall\COP3530\VS Projects\Rectangle_New\Debug\".
       InitializeBuildStatus:
         Creating "Debug\Rectangle_New.unsuccessfulbuild" because "AlwaysCreate" was specified.
       ClCompile:
         C:\Program Files (x86)\Microsoft Visual Studio 10.0\VC\bin\CL.exe /c /ZI /nologo /W3 /WX- /Od /Oy- /D WIN32 /D _DEBUG /D _CONSOLE /D _UNICODE /D UNICODE /Gm /EHsc /RTC1 /MDd /GS /fp:precise /Zc:wchar_t /Zc:forScope /Fo"Debug\\" /Fd"Debug\vc100.pdb" /Gd /TP /analyze- /errorReport:prompt Source.cpp
         Source.cpp
       ManifestResourceCompile:
         C:\Program Files (x86)\Microsoft SDKs\Windows\v7.0A\bin\rc.exe /nologo /fo"Debug\Rectangle_New.exe.embed.manifest.res" Debug\Rectangle_New_manifest.rc 
       Link:
         C:\Program Files (x86)\Microsoft Visual Studio 10.0\VC\bin\link.exe /ERRORREPORT:PROMPT /OUT:"C:\Users\Eric\Documents\SkyDrive\Documents\School\!FAMU\2013\Fall\COP3530\VS Projects\Rectangle_New\Debug\Rectangle_New.exe" /INCREMENTAL /NOLOGO kernel32.lib user32.lib gdi32.lib winspool.lib comdlg32.lib advapi32.lib shell32.lib ole32.lib oleaut32.lib uuid.lib odbc32.lib odbccp32.lib /MANIFEST /ManifestFile:"Debug\Rectangle_New.exe.intermediate.manifest" /MANIFESTUAC:"level='asInvoker' uiAccess='false'" /DEBUG /PDB:"C:\Users\Eric\Documents\SkyDrive\Documents\School\!FAMU\2013\Fall\COP3530\VS Projects\Rectangle_New\Debug\Rectangle_New.pdb" /SUBSYSTEM:CONSOLE /TLBID:1 /DYNAMICBASE /NXCOMPAT /IMPLIB:"C:\Users\Eric\Documents\SkyDrive\Documents\School\!FAMU\2013\Fall\COP3530\VS Projects\Rectangle_New\Debug\Rectangle_New.lib" /MACHINE:X86 Debug\Rectangle_New.exe.embed.manifest.res
         Debug\Source.obj
       Manifest:
         C:\Program Files (x86)\Microsoft SDKs\Windows\v7.0A\bin\mt.exe /nologo /verbose /out:"Debug\Rectangle_New.exe.embed.manifest" /manifest Debug\Rectangle_New.exe.intermediate.manifest
         C:\Program Files (x86)\Microsoft SDKs\Windows\v7.0A\bin\rc.exe /nologo /fo"Debug\Rectangle_New.exe.embed.manifest.res" Debug\Rectangle_New_manifest.rc 
       LinkEmbedManifest:
         C:\Program Files (x86)\Microsoft Visual Studio 10.0\VC\bin\link.exe /ERRORREPORT:PROMPT /OUT:"C:\Users\Eric\Documents\SkyDrive\Documents\School\!FAMU\2013\Fall\COP3530\VS Projects\Rectangle_New\Debug\Rectangle_New.exe" /INCREMENTAL /NOLOGO kernel32.lib user32.lib gdi32.lib winspool.lib comdlg32.lib advapi32.lib shell32.lib ole32.lib oleaut32.lib uuid.lib odbc32.lib odbccp32.lib /MANIFEST /ManifestFile:"Debug\Rectangle_New.exe.intermediate.manifest" /MANIFESTUAC:"level='asInvoker' uiAccess='false'" /DEBUG /PDB:"C:\Users\Eric\Documents\SkyDrive\Documents\School\!FAMU\2013\Fall\COP3530\VS Projects\Rectangle_New\Debug\Rectangle_New.pdb" /SUBSYSTEM:CONSOLE /TLBID:1 /DYNAMICBASE /NXCOMPAT /IMPLIB:"C:\Users\Eric\Documents\SkyDrive\Documents\School\!FAMU\2013\Fall\COP3530\VS Projects\Rectangle_New\Debug\Rectangle_New.lib" /MACHINE:X86 Debug\Rectangle_New.exe.embed.manifest.res
         Debug\Source.obj
         Rectangle_New.vcxproj -> C:\Users\Eric\Documents\SkyDrive\Documents\School\!FAMU\2013\Fall\COP3530\VS Projects\Rectangle_New\Debug\Rectangle_New.exe
       FinalizeBuildStatus:
         Deleting file "Debug\Rectangle_New.unsuccessfulbuild".
         Touching "Debug\Rectangle_New.lastbuildstate".
     1>Done Building Project "C:\Users\Eric\Documents\SkyDrive\Documents\School\!FAMU\2013\Fall\COP3530\VS Projects\Rectangle_New\Rectangle_New\Rectangle_New.vcxproj" (build target(s)).

Build succeeded.

Time Elapsed 00:00:04.11
